Analysis & Synthesis report for CPU
Thu Oct  3 18:51:22 2024
Quartus Prime Version 21.1.0 Build 842 10/21/2021 SJ Lite Edition


---------------------
; Table of Contents ;
---------------------
  1. Legal Notice
  2. Analysis & Synthesis Summary
  3. Analysis & Synthesis Settings
  4. Parallel Compilation
  5. Analysis & Synthesis Source Files Read
  6. Analysis & Synthesis Resource Usage Summary
  7. Analysis & Synthesis Resource Utilization by Entity
  8. General Register Statistics
  9. Post-Synthesis Netlist Statistics for Top Partition
 10. Elapsed Time Per Partition
 11. Analysis & Synthesis Messages



----------------
; Legal Notice ;
----------------
Copyright (C) 2021  Intel Corporation. All rights reserved.
Your use of Intel Corporation's design tools, logic functions 
and other software and tools, and any partner logic 
functions, and any output files from any of the foregoing 
(including device programming or simulation files), and any 
associated documentation or information are expressly subject 
to the terms and conditions of the Intel Program License 
Subscription Agreement, the Intel Quartus Prime License Agreement,
the Intel FPGA IP License Agreement, or other applicable license
agreement, including, without limitation, that your use is for
the sole purpose of programming logic devices manufactured by
Intel and sold by Intel or its authorized distributors.  Please
refer to the applicable agreement for further details, at
https://fpgasoftware.intel.com/eula.



+-------------------------------------------------------------------------------+
; Analysis & Synthesis Summary                                                  ;
+---------------------------------+---------------------------------------------+
; Analysis & Synthesis Status     ; Successful - Thu Oct  3 18:51:22 2024       ;
; Quartus Prime Version           ; 21.1.0 Build 842 10/21/2021 SJ Lite Edition ;
; Revision Name                   ; CPU                                         ;
; Top-level Entity Name           ; CONTADOR                                    ;
; Family                          ; Cyclone V                                   ;
; Logic utilization (in ALMs)     ; N/A                                         ;
; Total registers                 ; 8                                           ;
; Total pins                      ; 20                                          ;
; Total virtual pins              ; 0                                           ;
; Total block memory bits         ; 0                                           ;
; Total DSP Blocks                ; 0                                           ;
; Total HSSI RX PCSs              ; 0                                           ;
; Total HSSI PMA RX Deserializers ; 0                                           ;
; Total HSSI TX PCSs              ; 0                                           ;
; Total HSSI PMA TX Serializers   ; 0                                           ;
; Total PLLs                      ; 0                                           ;
; Total DLLs                      ; 0                                           ;
+---------------------------------+---------------------------------------------+


+---------------------------------------------------------------------------------------------------------------------------+
; Analysis & Synthesis Settings                                                                                             ;
+---------------------------------------------------------------------------------+--------------------+--------------------+
; Option                                                                          ; Setting            ; Default Value      ;
+---------------------------------------------------------------------------------+--------------------+--------------------+
; Device                                                                          ; 5CEBA4F23C7        ;                    ;
; Top-level entity name                                                           ; CONTADOR           ; CPU                ;
; Family name                                                                     ; Cyclone V          ; Cyclone V          ;
; Use smart compilation                                                           ; Off                ; Off                ;
; Enable parallel Assembler and Timing Analyzer during compilation                ; On                 ; On                 ;
; Enable compact report table                                                     ; Off                ; Off                ;
; Restructure Multiplexers                                                        ; Auto               ; Auto               ;
; MLAB Add Timing Constraints For Mixed-Port Feed-Through Mode Setting Don't Care ; Off                ; Off                ;
; Create Debugging Nodes for IP Cores                                             ; Off                ; Off                ;
; Preserve fewer node names                                                       ; On                 ; On                 ;
; Intel FPGA IP Evaluation Mode                                                   ; Enable             ; Enable             ;
; Verilog Version                                                                 ; Verilog_2001       ; Verilog_2001       ;
; VHDL Version                                                                    ; VHDL_1993          ; VHDL_1993          ;
; State Machine Processing                                                        ; Auto               ; Auto               ;
; Safe State Machine                                                              ; Off                ; Off                ;
; Extract Verilog State Machines                                                  ; On                 ; On                 ;
; Extract VHDL State Machines                                                     ; On                 ; On                 ;
; Ignore Verilog initial constructs                                               ; Off                ; Off                ;
; Iteration limit for constant Verilog loops                                      ; 5000               ; 5000               ;
; Iteration limit for non-constant Verilog loops                                  ; 250                ; 250                ;
; Add Pass-Through Logic to Inferred RAMs                                         ; On                 ; On                 ;
; Infer RAMs from Raw Logic                                                       ; On                 ; On                 ;
; Parallel Synthesis                                                              ; On                 ; On                 ;
; DSP Block Balancing                                                             ; Auto               ; Auto               ;
; NOT Gate Push-Back                                                              ; On                 ; On                 ;
; Power-Up Don't Care                                                             ; On                 ; On                 ;
; Remove Redundant Logic Cells                                                    ; Off                ; Off                ;
; Remove Duplicate Registers                                                      ; On                 ; On                 ;
; Ignore CARRY Buffers                                                            ; Off                ; Off                ;
; Ignore CASCADE Buffers                                                          ; Off                ; Off                ;
; Ignore GLOBAL Buffers                                                           ; Off                ; Off                ;
; Ignore ROW GLOBAL Buffers                                                       ; Off                ; Off                ;
; Ignore LCELL Buffers                                                            ; Off                ; Off                ;
; Ignore SOFT Buffers                                                             ; On                 ; On                 ;
; Limit AHDL Integers to 32 Bits                                                  ; Off                ; Off                ;
; Optimization Technique                                                          ; Balanced           ; Balanced           ;
; Carry Chain Length                                                              ; 70                 ; 70                 ;
; Auto Carry Chains                                                               ; On                 ; On                 ;
; Auto Open-Drain Pins                                                            ; On                 ; On                 ;
; Perform WYSIWYG Primitive Resynthesis                                           ; Off                ; Off                ;
; Auto ROM Replacement                                                            ; On                 ; On                 ;
; Auto RAM Replacement                                                            ; On                 ; On                 ;
; Auto DSP Block Replacement                                                      ; On                 ; On                 ;
; Auto Shift Register Replacement                                                 ; Auto               ; Auto               ;
; Allow Shift Register Merging across Hierarchies                                 ; Auto               ; Auto               ;
; Auto Clock Enable Replacement                                                   ; On                 ; On                 ;
; Strict RAM Replacement                                                          ; Off                ; Off                ;
; Allow Synchronous Control Signals                                               ; On                 ; On                 ;
; Force Use of Synchronous Clear Signals                                          ; Off                ; Off                ;
; Auto Resource Sharing                                                           ; Off                ; Off                ;
; Allow Any RAM Size For Recognition                                              ; Off                ; Off                ;
; Allow Any ROM Size For Recognition                                              ; Off                ; Off                ;
; Allow Any Shift Register Size For Recognition                                   ; Off                ; Off                ;
; Use LogicLock Constraints during Resource Balancing                             ; On                 ; On                 ;
; Ignore translate_off and synthesis_off directives                               ; Off                ; Off                ;
; Timing-Driven Synthesis                                                         ; On                 ; On                 ;
; Report Parameter Settings                                                       ; On                 ; On                 ;
; Report Source Assignments                                                       ; On                 ; On                 ;
; Report Connectivity Checks                                                      ; On                 ; On                 ;
; Ignore Maximum Fan-Out Assignments                                              ; Off                ; Off                ;
; Synchronization Register Chain Length                                           ; 3                  ; 3                  ;
; Power Optimization During Synthesis                                             ; Normal compilation ; Normal compilation ;
; HDL message level                                                               ; Level2             ; Level2             ;
; Suppress Register Optimization Related Messages                                 ; Off                ; Off                ;
; Number of Removed Registers Reported in Synthesis Report                        ; 5000               ; 5000               ;
; Number of Swept Nodes Reported in Synthesis Report                              ; 5000               ; 5000               ;
; Number of Inverted Registers Reported in Synthesis Report                       ; 100                ; 100                ;
; Clock MUX Protection                                                            ; On                 ; On                 ;
; Auto Gated Clock Conversion                                                     ; Off                ; Off                ;
; Block Design Naming                                                             ; Auto               ; Auto               ;
; SDC constraint protection                                                       ; Off                ; Off                ;
; Synthesis Effort                                                                ; Auto               ; Auto               ;
; Shift Register Replacement - Allow Asynchronous Clear Signal                    ; On                 ; On                 ;
; Pre-Mapping Resynthesis Optimization                                            ; Off                ; Off                ;
; Analysis & Synthesis Message Level                                              ; Medium             ; Medium             ;
; Disable Register Merging Across Hierarchies                                     ; Auto               ; Auto               ;
; Resource Aware Inference For Block RAM                                          ; On                 ; On                 ;
; Automatic Parallel Synthesis                                                    ; On                 ; On                 ;
; Partial Reconfiguration Bitstream ID                                            ; Off                ; Off                ;
+---------------------------------------------------------------------------------+--------------------+--------------------+


+------------------------------------------+
; Parallel Compilation                     ;
+----------------------------+-------------+
; Processors                 ; Number      ;
+----------------------------+-------------+
; Number detected on machine ; 4           ;
; Maximum allowed            ; 4           ;
;                            ;             ;
; Average used               ; 1.00        ;
; Maximum used               ; 4           ;
;                            ;             ;
; Usage by Processor         ; % Time Used ;
;     Processor 1            ; 100.0%      ;
;     Processors 2-4         ;   0.0%      ;
+----------------------------+-------------+


+-------------------------------------------------------------------------------------------------------------------------------------------------------------------------+
; Analysis & Synthesis Source Files Read                                                                                                                                  ;
+----------------------------------+-----------------+------------------------------------+---------------------------------------------------------------------+---------+
; File Name with User-Entered Path ; Used in Netlist ; File Type                          ; File Name with Absolute Path                                        ; Library ;
+----------------------------------+-----------------+------------------------------------+---------------------------------------------------------------------+---------+
; CONTADOR.bdf                     ; yes             ; User Block Diagram/Schematic File  ; C:/Users/15554396/Desktop/CPU-20241003T194446Z-001/CPU/CONTADOR.bdf ;         ;
+----------------------------------+-----------------+------------------------------------+---------------------------------------------------------------------+---------+


+----------------------------------------------------------+
; Analysis & Synthesis Resource Usage Summary              ;
+---------------------------------------------+------------+
; Resource                                    ; Usage      ;
+---------------------------------------------+------------+
; Estimate of Logic utilization (ALMs needed) ; 27         ;
;                                             ;            ;
; Combinational ALUT usage for logic          ; 52         ;
;     -- 7 input functions                    ; 0          ;
;     -- 6 input functions                    ; 2          ;
;     -- 5 input functions                    ; 2          ;
;     -- 4 input functions                    ; 13         ;
;     -- <=3 input functions                  ; 35         ;
;                                             ;            ;
; Dedicated logic registers                   ; 8          ;
;                                             ;            ;
; I/O pins                                    ; 20         ;
;                                             ;            ;
; Total DSP Blocks                            ; 0          ;
;                                             ;            ;
; Maximum fan-out node                        ; JUMP~input ;
; Maximum fan-out                             ; 16         ;
; Total fan-out                               ; 213        ;
; Average fan-out                             ; 2.13       ;
+---------------------------------------------+------------+


+----------------------------------------------------------------------------------------------------------------------------------------------------------------------------------------+
; Analysis & Synthesis Resource Utilization by Entity                                                                                                                                    ;
+----------------------------+---------------------+---------------------------+-------------------+------------+------+--------------+---------------------+-------------+--------------+
; Compilation Hierarchy Node ; Combinational ALUTs ; Dedicated Logic Registers ; Block Memory Bits ; DSP Blocks ; Pins ; Virtual Pins ; Full Hierarchy Name ; Entity Name ; Library Name ;
+----------------------------+---------------------+---------------------------+-------------------+------------+------+--------------+---------------------+-------------+--------------+
; |CONTADOR                  ; 52 (52)             ; 8 (8)                     ; 0                 ; 0          ; 20   ; 0            ; |CONTADOR           ; CONTADOR    ; work         ;
+----------------------------+---------------------+---------------------------+-------------------+------------+------+--------------+---------------------+-------------+--------------+
Note: For table entries with two numbers listed, the numbers in parentheses indicate the number of resources of the given type used by the specific entity alone. The numbers listed outside of parentheses indicate the total resources of the given type used by the specific entity and all of its sub-entities in the hierarchy.


+------------------------------------------------------+
; General Register Statistics                          ;
+----------------------------------------------+-------+
; Statistic                                    ; Value ;
+----------------------------------------------+-------+
; Total registers                              ; 8     ;
; Number of registers using Synchronous Clear  ; 0     ;
; Number of registers using Synchronous Load   ; 0     ;
; Number of registers using Asynchronous Clear ; 8     ;
; Number of registers using Asynchronous Load  ; 0     ;
; Number of registers using Clock Enable       ; 0     ;
; Number of registers using Preset             ; 0     ;
+----------------------------------------------+-------+


+-----------------------------------------------------+
; Post-Synthesis Netlist Statistics for Top Partition ;
+-----------------------+-----------------------------+
; Type                  ; Count                       ;
+-----------------------+-----------------------------+
; arriav_ff             ; 8                           ;
;     CLR               ; 8                           ;
; arriav_lcell_comb     ; 52                          ;
;     normal            ; 52                          ;
;         2 data inputs ; 18                          ;
;         3 data inputs ; 17                          ;
;         4 data inputs ; 13                          ;
;         5 data inputs ; 2                           ;
;         6 data inputs ; 2                           ;
; boundary_port         ; 20                          ;
;                       ;                             ;
; Max LUT depth         ; 4.00                        ;
; Average LUT depth     ; 3.16                        ;
+-----------------------+-----------------------------+


+-------------------------------+
; Elapsed Time Per Partition    ;
+----------------+--------------+
; Partition Name ; Elapsed Time ;
+----------------+--------------+
; Top            ; 00:00:00     ;
+----------------+--------------+


+-------------------------------+
; Analysis & Synthesis Messages ;
+-------------------------------+
Info: *******************************************************************
Info: Running Quartus Prime Analysis & Synthesis
    Info: Version 21.1.0 Build 842 10/21/2021 SJ Lite Edition
    Info: Processing started: Thu Oct  3 18:51:13 2024
Info: Command: quartus_map --read_settings_files=on --write_settings_files=off CPU -c CPU
Warning (18236): Number of processors has not been specified which may cause overloading on shared machines.  Set the global assignment NUM_PARALLEL_PROCESSORS in your QSF to an appropriate value for best performance.
Info (20030): Parallel compilation is enabled and will use 4 of the 4 processors detected
Info (12021): Found 1 design units, including 1 entities, in source file ula.bdf
    Info (12023): Found entity 1: ULA
Info (12021): Found 1 design units, including 1 entities, in source file teste_rom.bdf
    Info (12023): Found entity 1: TESTE_ROM
Info (12021): Found 1 design units, including 1 entities, in source file teste_contador.bdf
    Info (12023): Found entity 1: TESTE_CONTADOR
Info (12021): Found 1 design units, including 1 entities, in source file subtrator4.bdf
    Info (12023): Found entity 1: SUBTRATOR4
Info (12021): Found 1 design units, including 1 entities, in source file subtrator.bdf
    Info (12023): Found entity 1: SUBTRATOR
Info (12021): Found 1 design units, including 1 entities, in source file somador4.bdf
    Info (12023): Found entity 1: SOMADOR4
Info (12021): Found 1 design units, including 1 entities, in source file somador.bdf
    Info (12023): Found entity 1: SOMADOR
Info (12021): Found 1 design units, including 1 entities, in source file registrador.bdf
    Info (12023): Found entity 1: REGISTRADOR
Info (12021): Found 1 design units, including 1 entities, in source file principal.bdf
    Info (12023): Found entity 1: PRINCIPAL
Info (12021): Found 1 design units, including 1 entities, in source file multiplicador4.bdf
    Info (12023): Found entity 1: MULTIPLICADOR4
Info (12021): Found 1 design units, including 1 entities, in source file divisor4.bdf
    Info (12023): Found entity 1: DIVISOR4
Info (12021): Found 1 design units, including 1 entities, in source file display.bdf
    Info (12023): Found entity 1: DISPLAY
Info (12021): Found 1 design units, including 1 entities, in source file contador.bdf
    Info (12023): Found entity 1: CONTADOR
Info (12021): Found 1 design units, including 1 entities, in source file mux21.v
    Info (12023): Found entity 1: mux21 File: C:/Users/15554396/Desktop/CPU-20241003T194446Z-001/CPU/mux21.v Line: 40
Info (12021): Found 1 design units, including 1 entities, in source file mux42_4.v
    Info (12023): Found entity 1: mux42_4 File: C:/Users/15554396/Desktop/CPU-20241003T194446Z-001/CPU/mux42_4.v Line: 40
Info (12021): Found 1 design units, including 1 entities, in source file mux42.v
    Info (12023): Found entity 1: mux42 File: C:/Users/15554396/Desktop/CPU-20241003T194446Z-001/CPU/mux42.v Line: 40
Info (12021): Found 2 design units, including 1 entities, in source file rom1.vhd
    Info (12022): Found design unit 1: rom1-SYN File: C:/Users/15554396/Desktop/CPU-20241003T194446Z-001/CPU/ROM1.vhd Line: 53
    Info (12023): Found entity 1: ROM1 File: C:/Users/15554396/Desktop/CPU-20241003T194446Z-001/CPU/ROM1.vhd Line: 43
Info (12021): Found 1 design units, including 1 entities, in source file mux21_4.v
    Info (12023): Found entity 1: mux21_4 File: C:/Users/15554396/Desktop/CPU-20241003T194446Z-001/CPU/mux21_4.v Line: 40
Info (12021): Found 1 design units, including 1 entities, in source file demux12.bdf
    Info (12023): Found entity 1: DEMUX12
Info (12021): Found 1 design units, including 1 entities, in source file demux12_4.bdf
    Info (12023): Found entity 1: DEMUX12_4
Info (12127): Elaborating entity "CONTADOR" for the top level hierarchy
Warning (13004): Presettable and clearable registers converted to equivalent circuits with latches. Registers power-up to an undefined state, and DEVCLRn places the registers in an undefined state.
    Warning (13310): Register "inst229" is converted into an equivalent circuit using register "inst229~_emulated" and latch "inst229~1"
    Warning (13310): Register "inst219" is converted into an equivalent circuit using register "inst219~_emulated" and latch "inst219~1"
    Warning (13310): Register "inst20" is converted into an equivalent circuit using register "inst20~_emulated" and latch "inst20~1"
    Warning (13310): Register "inst199" is converted into an equivalent circuit using register "inst199~_emulated" and latch "inst199~1"
    Warning (13310): Register "inst4" is converted into an equivalent circuit using register "inst4~_emulated" and latch "inst4~1"
    Warning (13310): Register "inst3" is converted into an equivalent circuit using register "inst3~_emulated" and latch "inst3~1"
    Warning (13310): Register "inst2" is converted into an equivalent circuit using register "inst2~_emulated" and latch "inst2~1"
    Warning (13310): Register "inst99" is converted into an equivalent circuit using register "inst99~_emulated" and latch "inst99~1"
Info (286030): Timing-Driven Synthesis is running
Info (16010): Generating hard_block partition "hard_block:auto_generated_inst"
    Info (16011): Adding 0 node(s), including 0 DDIO, 0 PLL, 0 transceiver and 0 LCELL
Info (21057): Implemented 72 device resources after synthesis - the final resource count might be different
    Info (21058): Implemented 12 input pins
    Info (21059): Implemented 8 output pins
    Info (21061): Implemented 52 logic cells
Info: Quartus Prime Analysis & Synthesis was successful. 0 errors, 10 warnings
    Info: Peak virtual memory: 4875 megabytes
    Info: Processing ended: Thu Oct  3 18:51:22 2024
    Info: Elapsed time: 00:00:09
    Info: Total CPU time (on all processors): 00:00:18


