Analysis & Synthesis report for raizoitobits
Thu Jun 20 16:41:04 2024
Quartus Prime Version 21.1.0 Build 842 10/21/2021 SJ Lite Edition


---------------------
; Table of Contents ;
---------------------
  1. Legal Notice
  2. Analysis & Synthesis Summary
  3. Analysis & Synthesis Settings
  4. Parallel Compilation
  5. Analysis & Synthesis Source Files Read
  6. Analysis & Synthesis Resource Usage Summary
  7. Analysis & Synthesis Resource Utilization by Entity
  8. General Register Statistics
  9. Post-Synthesis Netlist Statistics for Top Partition
 10. Elapsed Time Per Partition
 11. Analysis & Synthesis Messages



----------------
; Legal Notice ;
----------------
Copyright (C) 2021  Intel Corporation. All rights reserved.
Your use of Intel Corporation's design tools, logic functions 
and other software and tools, and any partner logic 
functions, and any output files from any of the foregoing 
(including device programming or simulation files), and any 
associated documentation or information are expressly subject 
to the terms and conditions of the Intel Program License 
Subscription Agreement, the Intel Quartus Prime License Agreement,
the Intel FPGA IP License Agreement, or other applicable license
agreement, including, without limitation, that your use is for
the sole purpose of programming logic devices manufactured by
Intel and sold by Intel or its authorized distributors.  Please
refer to the applicable agreement for further details, at
https://fpgasoftware.intel.com/eula.



+-------------------------------------------------------------------------------+
; Analysis & Synthesis Summary                                                  ;
+---------------------------------+---------------------------------------------+
; Analysis & Synthesis Status     ; Successful - Thu Jun 20 16:41:04 2024       ;
; Quartus Prime Version           ; 21.1.0 Build 842 10/21/2021 SJ Lite Edition ;
; Revision Name                   ; raizoitobits                                ;
; Top-level Entity Name           ; raizoitobits                                ;
; Family                          ; Cyclone V                                   ;
; Logic utilization (in ALMs)     ; N/A                                         ;
; Total registers                 ; 0                                           ;
; Total pins                      ; 18                                          ;
; Total virtual pins              ; 0                                           ;
; Total block memory bits         ; 0                                           ;
; Total DSP Blocks                ; 0                                           ;
; Total HSSI RX PCSs              ; 0                                           ;
; Total HSSI PMA RX Deserializers ; 0                                           ;
; Total HSSI TX PCSs              ; 0                                           ;
; Total HSSI PMA TX Serializers   ; 0                                           ;
; Total PLLs                      ; 0                                           ;
; Total DLLs                      ; 0                                           ;
+---------------------------------+---------------------------------------------+


+---------------------------------------------------------------------------------------------------------------------------+
; Analysis & Synthesis Settings                                                                                             ;
+---------------------------------------------------------------------------------+--------------------+--------------------+
; Option                                                                          ; Setting            ; Default Value      ;
+---------------------------------------------------------------------------------+--------------------+--------------------+
; Device                                                                          ; 5CEBA4F23C7        ;                    ;
; Top-level entity name                                                           ; raizoitobits       ; raizoitobits       ;
; Family name                                                                     ; Cyclone V          ; Cyclone V          ;
; Use smart compilation                                                           ; Off                ; Off                ;
; Enable parallel Assembler and Timing Analyzer during compilation                ; On                 ; On                 ;
; Enable compact report table                                                     ; Off                ; Off                ;
; Restructure Multiplexers                                                        ; Auto               ; Auto               ;
; MLAB Add Timing Constraints For Mixed-Port Feed-Through Mode Setting Don't Care ; Off                ; Off                ;
; Create Debugging Nodes for IP Cores                                             ; Off                ; Off                ;
; Preserve fewer node names                                                       ; On                 ; On                 ;
; Intel FPGA IP Evaluation Mode                                                   ; Enable             ; Enable             ;
; Verilog Version                                                                 ; Verilog_2001       ; Verilog_2001       ;
; VHDL Version                                                                    ; VHDL_1993          ; VHDL_1993          ;
; State Machine Processing                                                        ; Auto               ; Auto               ;
; Safe State Machine                                                              ; Off                ; Off                ;
; Extract Verilog State Machines                                                  ; On                 ; On                 ;
; Extract VHDL State Machines                                                     ; On                 ; On                 ;
; Ignore Verilog initial constructs                                               ; Off                ; Off                ;
; Iteration limit for constant Verilog loops                                      ; 5000               ; 5000               ;
; Iteration limit for non-constant Verilog loops                                  ; 250                ; 250                ;
; Add Pass-Through Logic to Inferred RAMs                                         ; On                 ; On                 ;
; Infer RAMs from Raw Logic                                                       ; On                 ; On                 ;
; Parallel Synthesis                                                              ; On                 ; On                 ;
; DSP Block Balancing                                                             ; Auto               ; Auto               ;
; NOT Gate Push-Back                                                              ; On                 ; On                 ;
; Power-Up Don't Care                                                             ; On                 ; On                 ;
; Remove Redundant Logic Cells                                                    ; Off                ; Off                ;
; Remove Duplicate Registers                                                      ; On                 ; On                 ;
; Ignore CARRY Buffers                                                            ; Off                ; Off                ;
; Ignore CASCADE Buffers                                                          ; Off                ; Off                ;
; Ignore GLOBAL Buffers                                                           ; Off                ; Off                ;
; Ignore ROW GLOBAL Buffers                                                       ; Off                ; Off                ;
; Ignore LCELL Buffers                                                            ; Off                ; Off                ;
; Ignore SOFT Buffers                                                             ; On                 ; On                 ;
; Limit AHDL Integers to 32 Bits                                                  ; Off                ; Off                ;
; Optimization Technique                                                          ; Balanced           ; Balanced           ;
; Carry Chain Length                                                              ; 70                 ; 70                 ;
; Auto Carry Chains                                                               ; On                 ; On                 ;
; Auto Open-Drain Pins                                                            ; On                 ; On                 ;
; Perform WYSIWYG Primitive Resynthesis                                           ; Off                ; Off                ;
; Auto ROM Replacement                                                            ; On                 ; On                 ;
; Auto RAM Replacement                                                            ; On                 ; On                 ;
; Auto DSP Block Replacement                                                      ; On                 ; On                 ;
; Auto Shift Register Replacement                                                 ; Auto               ; Auto               ;
; Allow Shift Register Merging across Hierarchies                                 ; Auto               ; Auto               ;
; Auto Clock Enable Replacement                                                   ; On                 ; On                 ;
; Strict RAM Replacement                                                          ; Off                ; Off                ;
; Allow Synchronous Control Signals                                               ; On                 ; On                 ;
; Force Use of Synchronous Clear Signals                                          ; Off                ; Off                ;
; Auto Resource Sharing                                                           ; Off                ; Off                ;
; Allow Any RAM Size For Recognition                                              ; Off                ; Off                ;
; Allow Any ROM Size For Recognition                                              ; Off                ; Off                ;
; Allow Any Shift Register Size For Recognition                                   ; Off                ; Off                ;
; Use LogicLock Constraints during Resource Balancing                             ; On                 ; On                 ;
; Ignore translate_off and synthesis_off directives                               ; Off                ; Off                ;
; Timing-Driven Synthesis                                                         ; On                 ; On                 ;
; Report Parameter Settings                                                       ; On                 ; On                 ;
; Report Source Assignments                                                       ; On                 ; On                 ;
; Report Connectivity Checks                                                      ; On                 ; On                 ;
; Ignore Maximum Fan-Out Assignments                                              ; Off                ; Off                ;
; Synchronization Register Chain Length                                           ; 3                  ; 3                  ;
; Power Optimization During Synthesis                                             ; Normal compilation ; Normal compilation ;
; HDL message level                                                               ; Level2             ; Level2             ;
; Suppress Register Optimization Related Messages                                 ; Off                ; Off                ;
; Number of Removed Registers Reported in Synthesis Report                        ; 5000               ; 5000               ;
; Number of Swept Nodes Reported in Synthesis Report                              ; 5000               ; 5000               ;
; Number of Inverted Registers Reported in Synthesis Report                       ; 100                ; 100                ;
; Clock MUX Protection                                                            ; On                 ; On                 ;
; Auto Gated Clock Conversion                                                     ; Off                ; Off                ;
; Block Design Naming                                                             ; Auto               ; Auto               ;
; SDC constraint protection                                                       ; Off                ; Off                ;
; Synthesis Effort                                                                ; Auto               ; Auto               ;
; Shift Register Replacement - Allow Asynchronous Clear Signal                    ; On                 ; On                 ;
; Pre-Mapping Resynthesis Optimization                                            ; Off                ; Off                ;
; Analysis & Synthesis Message Level                                              ; Medium             ; Medium             ;
; Disable Register Merging Across Hierarchies                                     ; Auto               ; Auto               ;
; Resource Aware Inference For Block RAM                                          ; On                 ; On                 ;
; Automatic Parallel Synthesis                                                    ; On                 ; On                 ;
; Partial Reconfiguration Bitstream ID                                            ; Off                ; Off                ;
+---------------------------------------------------------------------------------+--------------------+--------------------+


+------------------------------------------+
; Parallel Compilation                     ;
+----------------------------+-------------+
; Processors                 ; Number      ;
+----------------------------+-------------+
; Number detected on machine ; 4           ;
; Maximum allowed            ; 4           ;
;                            ;             ;
; Average used               ; 1.00        ;
; Maximum used               ; 1           ;
;                            ;             ;
; Usage by Processor         ; % Time Used ;
;     Processor 1            ; 100.0%      ;
+----------------------------+-------------+


+---------------------------------------------------------------------------------------------------------------------------------------------------------------------+
; Analysis & Synthesis Source Files Read                                                                                                                              ;
+----------------------------------+-----------------+------------------------------------------+-----------------------------------------------------------+---------+
; File Name with User-Entered Path ; Used in Netlist ; File Type                                ; File Name with Absolute Path                              ; Library ;
+----------------------------------+-----------------+------------------------------------------+-----------------------------------------------------------+---------+
; raizoitobits.bdf                 ; yes             ; User Block Diagram/Schematic File        ; C:/Users/15480943/Desktop/raizoitobits/raizoitobits.bdf   ;         ;
; celuladivisao.bdf                ; yes             ; Auto-Found Block Diagram/Schematic File  ; C:/Users/15480943/Desktop/raizoitobits/celuladivisao.bdf  ;         ;
; fullsubtractor.bdf               ; yes             ; Auto-Found Block Diagram/Schematic File  ; C:/Users/15480943/Desktop/raizoitobits/fullsubtractor.bdf ;         ;
+----------------------------------+-----------------+------------------------------------------+-----------------------------------------------------------+---------+


+---------------------------------------------------------------------------------------------+
; Analysis & Synthesis Resource Usage Summary                                                 ;
+---------------------------------------------+-----------------------------------------------+
; Resource                                    ; Usage                                         ;
+---------------------------------------------+-----------------------------------------------+
; Estimate of Logic utilization (ALMs needed) ; 13                                            ;
;                                             ;                                               ;
; Combinational ALUT usage for logic          ; 17                                            ;
;     -- 7 input functions                    ; 0                                             ;
;     -- 6 input functions                    ; 9                                             ;
;     -- 5 input functions                    ; 1                                             ;
;     -- 4 input functions                    ; 5                                             ;
;     -- <=3 input functions                  ; 2                                             ;
;                                             ;                                               ;
; Dedicated logic registers                   ; 0                                             ;
;                                             ;                                               ;
; I/O pins                                    ; 18                                            ;
;                                             ;                                               ;
; Total DSP Blocks                            ; 0                                             ;
;                                             ;                                               ;
; Maximum fan-out node                        ; celuladivisao:inst1|fullsubtractor:inst|inst2 ;
; Maximum fan-out                             ; 8                                             ;
; Total fan-out                               ; 112                                           ;
; Average fan-out                             ; 2.11                                          ;
+---------------------------------------------+-----------------------------------------------+


+-------------------------------------------------------------------------------------------------------------------------------------------------------------------------------------------------------------------------------+
; Analysis & Synthesis Resource Utilization by Entity                                                                                                                                                                           ;
+-----------------------------+---------------------+---------------------------+-------------------+------------+------+--------------+--------------------------------------------------------+----------------+--------------+
; Compilation Hierarchy Node  ; Combinational ALUTs ; Dedicated Logic Registers ; Block Memory Bits ; DSP Blocks ; Pins ; Virtual Pins ; Full Hierarchy Name                                    ; Entity Name    ; Library Name ;
+-----------------------------+---------------------+---------------------------+-------------------+------------+------+--------------+--------------------------------------------------------+----------------+--------------+
; |raizoitobits               ; 17 (0)              ; 0 (0)                     ; 0                 ; 0          ; 18   ; 0            ; |raizoitobits                                          ; raizoitobits   ; work         ;
;    |celuladivisao:inst10|   ; 1 (1)               ; 0 (0)                     ; 0                 ; 0          ; 0    ; 0            ; |raizoitobits|celuladivisao:inst10                     ; celuladivisao  ; work         ;
;    |celuladivisao:inst11|   ; 1 (1)               ; 0 (0)                     ; 0                 ; 0          ; 0    ; 0            ; |raizoitobits|celuladivisao:inst11                     ; celuladivisao  ; work         ;
;    |celuladivisao:inst12|   ; 1 (1)               ; 0 (0)                     ; 0                 ; 0          ; 0    ; 0            ; |raizoitobits|celuladivisao:inst12                     ; celuladivisao  ; work         ;
;    |celuladivisao:inst14|   ; 1 (1)               ; 0 (0)                     ; 0                 ; 0          ; 0    ; 0            ; |raizoitobits|celuladivisao:inst14                     ; celuladivisao  ; work         ;
;    |celuladivisao:inst16|   ; 4 (3)               ; 0 (0)                     ; 0                 ; 0          ; 0    ; 0            ; |raizoitobits|celuladivisao:inst16                     ; celuladivisao  ; work         ;
;       |fullsubtractor:inst| ; 1 (1)               ; 0 (0)                     ; 0                 ; 0          ; 0    ; 0            ; |raizoitobits|celuladivisao:inst16|fullsubtractor:inst ; fullsubtractor ; work         ;
;    |celuladivisao:inst17|   ; 1 (1)               ; 0 (0)                     ; 0                 ; 0          ; 0    ; 0            ; |raizoitobits|celuladivisao:inst17                     ; celuladivisao  ; work         ;
;    |celuladivisao:inst18|   ; 2 (1)               ; 0 (0)                     ; 0                 ; 0          ; 0    ; 0            ; |raizoitobits|celuladivisao:inst18                     ; celuladivisao  ; work         ;
;       |fullsubtractor:inst| ; 1 (1)               ; 0 (0)                     ; 0                 ; 0          ; 0    ; 0            ; |raizoitobits|celuladivisao:inst18|fullsubtractor:inst ; fullsubtractor ; work         ;
;    |celuladivisao:inst19|   ; 1 (1)               ; 0 (0)                     ; 0                 ; 0          ; 0    ; 0            ; |raizoitobits|celuladivisao:inst19                     ; celuladivisao  ; work         ;
;    |celuladivisao:inst1|    ; 1 (0)               ; 0 (0)                     ; 0                 ; 0          ; 0    ; 0            ; |raizoitobits|celuladivisao:inst1                      ; celuladivisao  ; work         ;
;       |fullsubtractor:inst| ; 1 (1)               ; 0 (0)                     ; 0                 ; 0          ; 0    ; 0            ; |raizoitobits|celuladivisao:inst1|fullsubtractor:inst  ; fullsubtractor ; work         ;
;    |celuladivisao:inst21|   ; 2 (1)               ; 0 (0)                     ; 0                 ; 0          ; 0    ; 0            ; |raizoitobits|celuladivisao:inst21                     ; celuladivisao  ; work         ;
;       |fullsubtractor:inst| ; 1 (1)               ; 0 (0)                     ; 0                 ; 0          ; 0    ; 0            ; |raizoitobits|celuladivisao:inst21|fullsubtractor:inst ; fullsubtractor ; work         ;
;    |celuladivisao:inst3|    ; 1 (0)               ; 0 (0)                     ; 0                 ; 0          ; 0    ; 0            ; |raizoitobits|celuladivisao:inst3                      ; celuladivisao  ; work         ;
;       |fullsubtractor:inst| ; 1 (1)               ; 0 (0)                     ; 0                 ; 0          ; 0    ; 0            ; |raizoitobits|celuladivisao:inst3|fullsubtractor:inst  ; fullsubtractor ; work         ;
;    |celuladivisao:inst9|    ; 1 (0)               ; 0 (0)                     ; 0                 ; 0          ; 0    ; 0            ; |raizoitobits|celuladivisao:inst9                      ; celuladivisao  ; work         ;
;       |fullsubtractor:inst| ; 1 (1)               ; 0 (0)                     ; 0                 ; 0          ; 0    ; 0            ; |raizoitobits|celuladivisao:inst9|fullsubtractor:inst  ; fullsubtractor ; work         ;
+-----------------------------+---------------------+---------------------------+-------------------+------------+------+--------------+--------------------------------------------------------+----------------+--------------+
Note: For table entries with two numbers listed, the numbers in parentheses indicate the number of resources of the given type used by the specific entity alone. The numbers listed outside of parentheses indicate the total resources of the given type used by the specific entity and all of its sub-entities in the hierarchy.


+------------------------------------------------------+
; General Register Statistics                          ;
+----------------------------------------------+-------+
; Statistic                                    ; Value ;
+----------------------------------------------+-------+
; Total registers                              ; 0     ;
; Number of registers using Synchronous Clear  ; 0     ;
; Number of registers using Synchronous Load   ; 0     ;
; Number of registers using Asynchronous Clear ; 0     ;
; Number of registers using Asynchronous Load  ; 0     ;
; Number of registers using Clock Enable       ; 0     ;
; Number of registers using Preset             ; 0     ;
+----------------------------------------------+-------+


+-----------------------------------------------------+
; Post-Synthesis Netlist Statistics for Top Partition ;
+-----------------------+-----------------------------+
; Type                  ; Count                       ;
+-----------------------+-----------------------------+
; arriav_lcell_comb     ; 22                          ;
;     normal            ; 22                          ;
;         1 data inputs ; 5                           ;
;         2 data inputs ; 1                           ;
;         3 data inputs ; 1                           ;
;         4 data inputs ; 5                           ;
;         5 data inputs ; 1                           ;
;         6 data inputs ; 9                           ;
; boundary_port         ; 18                          ;
;                       ;                             ;
; Max LUT depth         ; 4.00                        ;
; Average LUT depth     ; 3.50                        ;
+-----------------------+-----------------------------+


+-------------------------------+
; Elapsed Time Per Partition    ;
+----------------+--------------+
; Partition Name ; Elapsed Time ;
+----------------+--------------+
; Top            ; 00:00:00     ;
+----------------+--------------+


+-------------------------------+
; Analysis & Synthesis Messages ;
+-------------------------------+
Info: *******************************************************************
Info: Running Quartus Prime Analysis & Synthesis
    Info: Version 21.1.0 Build 842 10/21/2021 SJ Lite Edition
    Info: Processing started: Thu Jun 20 16:40:55 2024
Info: Command: quartus_map --read_settings_files=on --write_settings_files=off raizoitobits -c raizoitobits
Warning (18236): Number of processors has not been specified which may cause overloading on shared machines.  Set the global assignment NUM_PARALLEL_PROCESSORS in your QSF to an appropriate value for best performance.
Info (20030): Parallel compilation is enabled and will use 4 of the 4 processors detected
Info (12021): Found 1 design units, including 1 entities, in source file raizoitobits.bdf
    Info (12023): Found entity 1: raizoitobits
Info (12127): Elaborating entity "raizoitobits" for the top level hierarchy
Warning (275011): Block or symbol "celuladivisao" of instance "inst1" overlaps another block or symbol
Warning (275011): Block or symbol "celuladivisao" of instance "inst2" overlaps another block or symbol
Warning (275011): Block or symbol "celuladivisao" of instance "inst5" overlaps another block or symbol
Warning (275011): Block or symbol "celuladivisao" of instance "inst6" overlaps another block or symbol
Warning (275011): Block or symbol "celuladivisao" of instance "inst12" overlaps another block or symbol
Warning (275011): Block or symbol "celuladivisao" of instance "inst13" overlaps another block or symbol
Warning (275008): Primitive "GND" of instance "inst22" not used
Warning (275008): Primitive "GND" of instance "inst23" not used
Warning (275008): Primitive "GND" of instance "inst25" not used
Warning (275008): Primitive "GND" of instance "inst26" not used
Warning (275008): Primitive "GND" of instance "inst29" not used
Warning (275008): Primitive "GND" of instance "inst30" not used
Warning (275008): Primitive "GND" of instance "inst32" not used
Warning (275008): Primitive "GND" of instance "inst35" not used
Warning (275008): Primitive "GND" of instance "inst36" not used
Warning (275008): Primitive "GND" of instance "inst37" not used
Warning (275008): Primitive "GND" of instance "inst38" not used
Warning (275008): Primitive "GND" of instance "inst39" not used
Warning (275008): Primitive "GND" of instance "inst54" not used
Warning (275008): Primitive "GND" of instance "inst55" not used
Warning (275008): Primitive "GND" of instance "inst56" not used
Warning (275008): Primitive "GND" of instance "inst57" not used
Warning (275008): Primitive "GND" of instance "inst58" not used
Warning (275008): Primitive "GND" of instance "inst59" not used
Warning (12125): Using design file celuladivisao.bdf, which is not specified as a design file for the current project, but contains definitions for 1 design units and 1 entities in project
    Info (12023): Found entity 1: celuladivisao
Info (12128): Elaborating entity "celuladivisao" for hierarchy "celuladivisao:inst21"
Warning (12125): Using design file fullsubtractor.bdf, which is not specified as a design file for the current project, but contains definitions for 1 design units and 1 entities in project
    Info (12023): Found entity 1: fullsubtractor
Info (12128): Elaborating entity "fullsubtractor" for hierarchy "celuladivisao:inst21|fullsubtractor:inst"
Info (286030): Timing-Driven Synthesis is running
Info (16010): Generating hard_block partition "hard_block:auto_generated_inst"
    Info (16011): Adding 0 node(s), including 0 DDIO, 0 PLL, 0 transceiver and 0 LCELL
Info (21057): Implemented 35 device resources after synthesis - the final resource count might be different
    Info (21058): Implemented 8 input pins
    Info (21059): Implemented 10 output pins
    Info (21061): Implemented 17 logic cells
Info: Quartus Prime Analysis & Synthesis was successful. 0 errors, 27 warnings
    Info: Peak virtual memory: 4823 megabytes
    Info: Processing ended: Thu Jun 20 16:41:04 2024
    Info: Elapsed time: 00:00:09
    Info: Total CPU time (on all processors): 00:00:17


